0 info it worked if it ends with ok
1 verbose cli [ 'node',
1 verbose cli   '/usr/local/bin/npm',
1 verbose cli   'install',
1 verbose cli   '--save-dev',
1 verbose cli   'gulp-minifyhtml' ]
2 info using npm@1.4.28
3 info using node@v0.10.33
4 warn package.json workflows@0.0.1 No README data
5 verbose readDependencies using package.json deps
6 verbose cache add [ 'gulp-minifyhtml', null ]
7 verbose cache add name=undefined spec="gulp-minifyhtml" args=["gulp-minifyhtml",null]
8 verbose parsed url { protocol: null,
8 verbose parsed url   slashes: null,
8 verbose parsed url   auth: null,
8 verbose parsed url   host: null,
8 verbose parsed url   port: null,
8 verbose parsed url   hostname: null,
8 verbose parsed url   hash: null,
8 verbose parsed url   search: null,
8 verbose parsed url   query: null,
8 verbose parsed url   pathname: 'gulp-minifyhtml',
8 verbose parsed url   path: 'gulp-minifyhtml',
8 verbose parsed url   href: 'gulp-minifyhtml' }
9 silly lockFile 2c54c5aa-gulp-minifyhtml gulp-minifyhtml
10 verbose lock gulp-minifyhtml /Users/anders/.npm/2c54c5aa-gulp-minifyhtml.lock
11 silly lockFile 2c54c5aa-gulp-minifyhtml gulp-minifyhtml
12 silly lockFile 2c54c5aa-gulp-minifyhtml gulp-minifyhtml
13 verbose addNamed [ 'gulp-minifyhtml', '' ]
14 verbose addNamed [ null, '*' ]
15 silly lockFile 48ff7a66-gulp-minifyhtml gulp-minifyhtml@
16 verbose lock gulp-minifyhtml@ /Users/anders/.npm/48ff7a66-gulp-minifyhtml.lock
17 silly addNameRange { name: 'gulp-minifyhtml', range: '*', hasData: false }
18 verbose request where is /gulp-minifyhtml
19 verbose request registry https://registry.npmjs.org/
20 verbose request id 661aa9559add3598
21 verbose url raw /gulp-minifyhtml
22 verbose url resolving [ 'https://registry.npmjs.org/', './gulp-minifyhtml' ]
23 verbose url resolved https://registry.npmjs.org/gulp-minifyhtml
24 verbose request where is https://registry.npmjs.org/gulp-minifyhtml
25 info trying registry request attempt 1 at 14:41:11
26 http GET https://registry.npmjs.org/gulp-minifyhtml
27 http 404 https://registry.npmjs.org/gulp-minifyhtml
28 verbose headers { date: 'Wed, 17 Dec 2014 13:41:12 GMT',
28 verbose headers   server: 'CouchDB/1.5.0 (Erlang OTP/R16B03)',
28 verbose headers   'content-type': 'application/json',
28 verbose headers   'cache-control': 'max-age=0',
28 verbose headers   'content-length': '52',
28 verbose headers   'accept-ranges': 'bytes',
28 verbose headers   via: '1.1 varnish',
28 verbose headers   age: '0',
28 verbose headers   'x-served-by': 'cache-ams4132-AMS',
28 verbose headers   'x-cache': 'MISS',
28 verbose headers   'x-cache-hits': '0',
28 verbose headers   'x-timer': 'S1418823672.030819,VS0,VE167',
28 verbose headers   'keep-alive': 'timeout=10, max=50',
28 verbose headers   connection: 'Keep-Alive' }
29 silly registry.get cb [ 404,
29 silly registry.get   { date: 'Wed, 17 Dec 2014 13:41:12 GMT',
29 silly registry.get     server: 'CouchDB/1.5.0 (Erlang OTP/R16B03)',
29 silly registry.get     'content-type': 'application/json',
29 silly registry.get     'cache-control': 'max-age=0',
29 silly registry.get     'content-length': '52',
29 silly registry.get     'accept-ranges': 'bytes',
29 silly registry.get     via: '1.1 varnish',
29 silly registry.get     age: '0',
29 silly registry.get     'x-served-by': 'cache-ams4132-AMS',
29 silly registry.get     'x-cache': 'MISS',
29 silly registry.get     'x-cache-hits': '0',
29 silly registry.get     'x-timer': 'S1418823672.030819,VS0,VE167',
29 silly registry.get     'keep-alive': 'timeout=10, max=50',
29 silly registry.get     connection: 'Keep-Alive' } ]
30 silly lockFile 48ff7a66-gulp-minifyhtml gulp-minifyhtml@
31 silly lockFile 48ff7a66-gulp-minifyhtml gulp-minifyhtml@
32 error 404 404 Not Found: gulp-minifyhtml
32 error 404
32 error 404 'gulp-minifyhtml' is not in the npm registry.
32 error 404 You should bug the author to publish it
32 error 404 It was specified as a dependency of 'workflows'
32 error 404
32 error 404 Note that you can also install from a
32 error 404 tarball, folder, or http url, or git url.
33 error System Darwin 13.4.0
34 error command "node" "/usr/local/bin/npm" "install" "--save-dev" "gulp-minifyhtml"
35 error cwd /Users/anders/Google Drive/Gulp_node_project/workflows
36 error node -v v0.10.33
37 error npm -v 1.4.28
38 error code E404
39 verbose exit [ 1, true ]
